[site152010.nicepage.io/index.html]
[backblue.gif]
[fade.gif]
[index.html]
[capp.nicepage.com/9f3c9ae516acfc74c24483c7e511ab90658c5545/nicepage.css]
[site152010.nicepage.io/Home.css]
[capp.nicepage.com/9f3c9ae516acfc74c24483c7e511ab90658c5545/nicepage.js]
[site152010.nicepage.io/nicepage-site.css]
[site152010.nicepage.io/About-Me.html]
[site152010.nicepage.io/Projects.html]
[site152010.nicepage.io/Blog.html]
[site152010.nicepage.io/Contact.html]
[capp.nicepage.com/assets/jquery-3.5.1.min.js]
[assets.nicepagecdn.com/48850343/5499102/images/imageedit_1_5558140788.png]
[assets.nicepagecdn.com/48850343/5499102/images/dataog.jpg]
[site152010.nicepage.io/index.html]
[capp.nicepage.com/9f3c9ae516acfc74c24483c7e511ab90658c5545/nicepage.css]
[site152010.nicepage.io/nicepage-site.css]
[site152010.nicepage.io/Home.css]
[capp.nicepage.com/9f3c9ae516acfc74c24483c7e511ab90658c5545/nicepage.js]
[fonts.googleapis.com/css9279.css]
[fonts.googleapis.com/css210f.css]
[site152010.nicepage.io/About-Me.css]
[site152010.nicepage.io/About-Me.html]
[site152010.nicepage.io/Projects.css]
[site152010.nicepage.io/Projects.html]
[site152010.nicepage.io/Blog.css]
[site152010.nicepage.io/blog/post-5.html]
[assets.nicepagecdn.com/48850343/5499102/images/8ad73f3c.jpg]
[site152010.nicepage.io/Blog.html]
[site152010.nicepage.io/Contact.css]
[site152010.nicepage.io/Contact.html]
[site152010.nicepage.io/About-Me.css]
[site152010.nicepage.io/Projects.css]
[fonts.googleapis.com/css3bc1.css]
[site152010.nicepage.io/Blog.css]
[site152010.nicepage.io/blog/post-5.html]
[site152010.nicepage.io/Contact.css]
